<acceptance-test-run title="C find actiona in action log" name="c_find_actiona_in_action_log" steps="8" successful="2" failures="1" skipped="5" ignored="0" pending="0" annotated-result="FAILURE" result="FAILURE" duration="3960" timestamp="2015-05-19T09:55:31.133+03:00">
  <user-story id="com.frolova.features.DefaultStory" name="Default story" path="com.frolova.features"/>
  <tags>
    <tag name="Default story" type="story"/>
  </tags>
  <test-step result="SUCCESS" duration="1479">
    <description>Open admin</description>
  </test-step>
  <test-step result="SUCCESS" duration="351">
    <description>Open action log</description>
  </test-step>
  <test-step result="FAILURE" duration="2089">
    <description>Should see definition: &lt;span class=&apos;step-parameter&apos;&gt;Campaign- , T12a_3_Step_Reg_Sweden&lt;/span&gt;</description>
    <error>
Expected: a collection containing a string containing &quot;T12a_3_Step_Reg_Sweden&quot;
     but: </error>
    <exception>java.lang.AssertionError:
Expected: a collection containing a string containing &quot;T12a_3_Step_Reg_Sweden&quot;
     but: &#xd;
[com.frolova.features.DefaultStory.c_find_actiona_in_action_log(DefaultStory.java:42)]</exception>
  </test-step>
  <test-step result="SKIPPED" duration="12">
    <description>Should see definition: &lt;span class=&apos;step-parameter&apos;&gt;Content- , a_page=Default;&lt;/span&gt;</description>
  </test-step>
  <test-step result="SKIPPED" duration="1">
    <description>Should see definition: &lt;span class=&apos;step-parameter&apos;&gt;Action- , t12a_stepone=1,unique;&lt;/span&gt;</description>
  </test-step>
  <test-step result="SKIPPED" duration="1">
    <description>Should see definition: &lt;span class=&apos;step-parameter&apos;&gt;Action- , t12a_steptwo=1,unique;&lt;/span&gt;</description>
  </test-step>
  <test-step result="SKIPPED" duration="1">
    <description>Should see definition: &lt;span class=&apos;step-parameter&apos;&gt;Action- , t12a_stepthree=1,unique;&lt;/span&gt;</description>
  </test-step>
  <test-step result="SKIPPED" duration="1">
    <description>Should see definition: &lt;span class=&apos;step-parameter&apos;&gt;Action- , t12a_registration=1,unique;&lt;/span&gt;</description>
  </test-step>
</acceptance-test-run>